2025-05-21 16:36:59,860 - Batch 0 - INFO - Logging initialized. Log file: logs\data_pipeline_Employees_20250521_163659.log
2025-05-21 16:36:59,864 - Batch 0 - INFO - Starting data pipeline run...
2025-05-21 16:36:59,865 - Batch 0 - INFO - Using batch size: 10000
2025-05-21 16:36:59,866 - Batch 0 - INFO - Created connection string for database: Debal on server: localhost\SQLEXPRESS
2025-05-21 16:36:59,867 - Batch 0 - INFO - Attempting to connect to database...
2025-05-21 16:37:00,205 - Batch 0 - INFO - Database connection established.
2025-05-21 16:37:00,207 - Batch 0 - INFO - Successfully read SQL query from query.sql
2025-05-21 16:37:00,210 - Batch 0 - INFO - SQL query executed.
2025-05-21 16:37:00,210 - Batch 1 - INFO - Processing batch 1...
2025-05-21 16:37:00,339 - Batch 1 - INFO - Fetched 10000 rows in this batch.
2025-05-21 16:37:00,342 - Batch 1 - INFO - Created output directory: output
2025-05-21 16:37:00,343 - Batch 1 - INFO - Generated output filename: output\Employees_20250521_163700_0001.parquet
2025-05-21 16:37:00,344 - Batch 1 - INFO - Writing 10000 records to output\Employees_20250521_163700_0001.parquet with compression=snappy, row_group_size=10000
2025-05-21 16:37:00,479 - Batch 1 - INFO - Successfully wrote data to Parquet file output\Employees_20250521_163700_0001.parquet
2025-05-21 16:37:00,482 - Batch 2 - INFO - Processing batch 2...
2025-05-21 16:37:00,606 - Batch 2 - INFO - Fetched 10000 rows in this batch.
2025-05-21 16:37:00,612 - Batch 2 - INFO - Generated output filename: output\Employees_20250521_163700_0002.parquet
2025-05-21 16:37:00,613 - Batch 2 - INFO - Writing 10000 records to output\Employees_20250521_163700_0002.parquet with compression=snappy, row_group_size=10000
2025-05-21 16:37:00,689 - Batch 2 - INFO - Successfully wrote data to Parquet file output\Employees_20250521_163700_0002.parquet
2025-05-21 16:37:00,691 - Batch 3 - INFO - Processing batch 3...
2025-05-21 16:37:00,691 - Batch 3 - INFO - No more rows to fetch from database.
2025-05-21 16:37:00,696 - Batch 3 - INFO - No data in batch 3, and end of data reached.
2025-05-21 16:37:00,697 - Batch 3 - INFO - Data pipeline run completed. Total records processed: 20000.
2025-05-21 16:37:00,698 - Batch 3 - INFO - Database cursor closed.
2025-05-21 16:37:00,699 - Batch 3 - INFO - Database connection closed.
2025-05-21 16:37:00,699 - Batch 3 - INFO - Data pipeline execution finished.
